2019-12-27 16:04:40,346 [main] luoyingyundeMacBook-Pro.local INFO c.m.a.MovieApiApplication - - Starting MovieApiApplication v0.0.1-SNAPSHOT on luoyingyundeMacBook-Pro.local with PID 65735 (/Users/luoyingyun/wxcore/movieDemo/movie-api/target/movie-api.jar started by luoyingyun in /Users/luoyingyun/wxcore/movieDemo/movie-api)
2019-12-27 16:04:40,355 [main] luoyingyundeMacBook-Pro.local INFO c.m.a.MovieApiApplication - - No active profile set, falling back to default profiles: default
2019-12-27 16:04:44,195 [main] luoyingyundeMacBook-Pro.local INFO c.m.a.MovieApiApplication - - Started MovieApiApplication in 4.181 seconds (JVM running for 4.832)
2019-12-27 16:04:59,222 [http-nio-8080-exec-1] luoyingyundeMacBook-Pro.local INFO c.m.a.u.f.RequestResponseLoggingFilter - - [ REQUEST START ]
2019-12-27 16:04:59,232 [http-nio-8080-exec-1] luoyingyundeMacBook-Pro.local INFO c.m.a.u.f.RequestResponseLoggingFilter - - [ REQUEST ] 0:0:0:0:0:0:0:1:63691 POST /home/register Headers: { content-type:[application/json],user-agent:[PostmanRuntime/7.17.1],accept:[*/*],cache-control:[no-cache],postman-token:[759df42f-b7b0-4356-b4f2-21580be5cf99],host:[localhost:8080],accept-encoding:[gzip, deflate],content-length:[47],connection:[keep-alive], } Payload: {"name":"yyLuo1113","mobile":"15657581113"}
2019-12-27 16:04:59,315 [http-nio-8080-exec-1] luoyingyundeMacBook-Pro.local INFO c.m.service.UserService - - find mobile = 15657581113
2019-12-27 16:04:59,686 [http-nio-8080-exec-1] luoyingyundeMacBook-Pro.local INFO c.m.a.u.f.RequestResponseLoggingFilter - - [ RESPONSE ] 200 Headers: { Content-Type:[text/plain;charset=UTF-8],Content-Length:[54],Date:[Fri, 27 Dec 2019 08:04:59 GMT], } Payload: 当前手机号已被注册啦～注册人为yyLuo1113
2019-12-27 16:04:59,686 [http-nio-8080-exec-1] luoyingyundeMacBook-Pro.local INFO c.m.a.u.f.RequestResponseLoggingFilter - - [ REQUEST END ]
2019-12-27 16:05:09,808 [http-nio-8080-exec-3] luoyingyundeMacBook-Pro.local INFO c.m.a.u.f.RequestResponseLoggingFilter - - [ REQUEST START ]
2019-12-27 16:05:09,809 [http-nio-8080-exec-3] luoyingyundeMacBook-Pro.local INFO c.m.a.u.f.RequestResponseLoggingFilter - - [ REQUEST ] 0:0:0:0:0:0:0:1:63691 POST /home/register Headers: { content-type:[application/json],user-agent:[PostmanRuntime/7.17.1],accept:[*/*],cache-control:[no-cache],postman-token:[895d63e1-65c2-4bc0-a177-ea6f28c4b523],host:[localhost:8080],accept-encoding:[gzip, deflate],content-length:[47],connection:[keep-alive], } Payload: {"name":"yyLuo1113","mobile":"15657581113"}
2019-12-27 16:05:09,810 [http-nio-8080-exec-3] luoyingyundeMacBook-Pro.local INFO c.m.service.UserService - - find mobile = 15657581113
2019-12-27 16:05:09,816 [http-nio-8080-exec-3] luoyingyundeMacBook-Pro.local INFO c.m.a.u.f.RequestResponseLoggingFilter - - [ RESPONSE ] 200 Headers: { Content-Type:[text/plain;charset=UTF-8],Content-Length:[54],Date:[Fri, 27 Dec 2019 08:05:09 GMT], } Payload: 当前手机号已被注册啦～注册人为yyLuo1113
2019-12-27 16:05:09,816 [http-nio-8080-exec-3] luoyingyundeMacBook-Pro.local INFO c.m.a.u.f.RequestResponseLoggingFilter - - [ REQUEST END ]
2019-12-27 16:06:16,566 [main] luoyingyundeMacBook-Pro.local INFO c.m.a.MovieApiApplication - - Starting MovieApiApplication v0.0.1-SNAPSHOT on luoyingyundeMacBook-Pro.local with PID 65777 (/Users/luoyingyun/wxcore/movieDemo/movie-api/target/movie-api.jar started by luoyingyun in /Users/luoyingyun/wxcore/movieDemo/movie-api)
2019-12-27 16:06:16,569 [main] luoyingyundeMacBook-Pro.local INFO c.m.a.MovieApiApplication - - No active profile set, falling back to default profiles: default
2019-12-27 16:06:20,378 [main] luoyingyundeMacBook-Pro.local INFO c.m.a.MovieApiApplication - - Started MovieApiApplication in 4.139 seconds (JVM running for 4.795)
2019-12-27 16:06:25,700 [http-nio-8080-exec-1] luoyingyundeMacBook-Pro.local INFO c.m.a.u.f.RequestResponseLoggingFilter - - [ REQUEST START ]
2019-12-27 16:06:25,711 [http-nio-8080-exec-1] luoyingyundeMacBook-Pro.local INFO c.m.a.u.f.RequestResponseLoggingFilter - - [ REQUEST ] 0:0:0:0:0:0:0:1:63937 POST /home/register Headers: { content-type:[application/json],user-agent:[PostmanRuntime/7.17.1],accept:[*/*],cache-control:[no-cache],postman-token:[faa4772f-d4a2-4438-bd4f-4da9b83f7230],host:[localhost:8080],accept-encoding:[gzip, deflate],content-length:[47],connection:[keep-alive], } Payload: {"name":"yyLuo1113","mobile":"15657581113"}
2019-12-27 16:06:25,807 [http-nio-8080-exec-1] luoyingyundeMacBook-Pro.local INFO c.m.service.UserService - - find mobile = 15657581113
2019-12-27 16:06:26,176 [http-nio-8080-exec-1] luoyingyundeMacBook-Pro.local INFO c.m.a.u.f.RequestResponseLoggingFilter - - [ RESPONSE ] 200 Headers: { Content-Type:[text/plain;charset=UTF-8],Content-Length:[54],Date:[Fri, 27 Dec 2019 08:06:26 GMT], } Payload: 当前手机号已被注册啦～注册人为yyLuo1113
2019-12-27 16:06:26,176 [http-nio-8080-exec-1] luoyingyundeMacBook-Pro.local INFO c.m.a.u.f.RequestResponseLoggingFilter - - [ REQUEST END ]
2019-12-27 16:07:03,429 [http-nio-8080-exec-3] luoyingyundeMacBook-Pro.local INFO c.m.a.u.f.RequestResponseLoggingFilter - - [ REQUEST START ]
2019-12-27 16:07:03,446 [http-nio-8080-exec-3] luoyingyundeMacBook-Pro.local INFO c.m.a.u.f.RequestResponseLoggingFilter - - [ REQUEST ] 0:0:0:0:0:0:0:1:63937 GET /home/hello Headers: { user-agent:[PostmanRuntime/7.17.1],accept:[*/*],cache-control:[no-cache],postman-token:[579ddd31-7078-47a8-bbb0-c5da1d2bec55],host:[localhost:8080],accept-encoding:[gzip, deflate],connection:[keep-alive], } Payload: {}
2019-12-27 16:07:03,448 [http-nio-8080-exec-3] luoyingyundeMacBook-Pro.local INFO c.m.a.c.HelloController - - hello world every one!
2019-12-27 16:07:03,450 [http-nio-8080-exec-3] luoyingyundeMacBook-Pro.local INFO c.m.a.u.f.RequestResponseLoggingFilter - - [ RESPONSE ] 200 Headers: { Content-Type:[text/plain;charset=UTF-8],Content-Length:[11],Date:[Fri, 27 Dec 2019 08:07:03 GMT], } Payload: Hello World
2019-12-27 16:07:03,450 [http-nio-8080-exec-3] luoyingyundeMacBook-Pro.local INFO c.m.a.u.f.RequestResponseLoggingFilter - - [ REQUEST END ]
2019-12-27 16:28:01,236 [main] luoyingyundeMacBook-Pro.local INFO c.m.a.MovieApiApplication - - Starting MovieApiApplication v0.0.1-SNAPSHOT on luoyingyundeMacBook-Pro.local with PID 66177 (/Users/luoyingyun/wxcore/movieDemo/movie-api/target/movie-api.jar started by luoyingyun in /Users/luoyingyun/wxcore/movieDemo/movie-api)
2019-12-27 16:28:01,240 [main] luoyingyundeMacBook-Pro.local INFO c.m.a.MovieApiApplication - - No active profile set, falling back to default profiles: default
2019-12-27 16:46:33,130 [main] luoyingyundeMacBook-Pro.local INFO c.m.a.MovieApiApplication - - Starting MovieApiApplication v0.0.1-SNAPSHOT on luoyingyundeMacBook-Pro.local with PID 66485 (/Users/luoyingyun/wxcore/movieDemo/movie-api/target/movie-api.jar started by luoyingyun in /Users/luoyingyun/wxcore/movieDemo/movie-api)
2019-12-27 16:46:33,133 [main] luoyingyundeMacBook-Pro.local INFO c.m.a.MovieApiApplication - - No active profile set, falling back to default profiles: default
2019-12-27 16:48:39,347 [main] luoyingyundeMacBook-Pro.local INFO c.m.a.MovieApiApplication - - Starting MovieApiApplication v0.0.1-SNAPSHOT on luoyingyundeMacBook-Pro.local with PID 66571 (/Users/luoyingyun/wxcore/movieDemo/movie-api/target/movie-api.jar started by luoyingyun in /Users/luoyingyun/wxcore/movieDemo/movie-api)
2019-12-27 16:48:39,350 [main] luoyingyundeMacBook-Pro.local INFO c.m.a.MovieApiApplication - - No active profile set, falling back to default profiles: default
2019-12-27 16:48:43,425 [main] luoyingyundeMacBook-Pro.local INFO c.m.a.MovieApiApplication - - Started MovieApiApplication in 4.405 seconds (JVM running for 5.075)
2019-12-27 16:48:54,003 [http-nio-8080-exec-2] luoyingyundeMacBook-Pro.local INFO c.u.f.RequestResponseLoggingFilter - - [ REQUEST START ]
2019-12-27 16:48:54,048 [http-nio-8080-exec-2] luoyingyundeMacBook-Pro.local INFO c.u.f.RequestResponseLoggingFilter - - [ REQUEST ] 0:0:0:0:0:0:0:1:54681 GET /home/hello Headers: { user-agent:[PostmanRuntime/7.17.1],accept:[*/*],cache-control:[no-cache],postman-token:[28c4fa2b-5d9a-4436-836e-7868ee0a2086],host:[localhost:8080],accept-encoding:[gzip, deflate],connection:[keep-alive], } Payload: {}
2019-12-27 16:48:54,071 [http-nio-8080-exec-2] luoyingyundeMacBook-Pro.local INFO c.m.a.c.HelloController - - hello world every one!
2019-12-27 16:48:54,102 [http-nio-8080-exec-2] luoyingyundeMacBook-Pro.local INFO c.u.f.RequestResponseLoggingFilter - - [ RESPONSE ] 200 Headers: { Content-Type:[text/plain;charset=UTF-8],Content-Length:[11],Date:[Fri, 27 Dec 2019 08:48:54 GMT], } Payload: Hello World
2019-12-27 16:48:54,102 [http-nio-8080-exec-2] luoyingyundeMacBook-Pro.local INFO c.u.f.RequestResponseLoggingFilter - - [ REQUEST END ]
2019-12-27 16:49:18,759 [http-nio-8080-exec-3] luoyingyundeMacBook-Pro.local INFO c.u.f.RequestResponseLoggingFilter - - [ REQUEST START ]
2019-12-27 16:49:18,764 [http-nio-8080-exec-3] luoyingyundeMacBook-Pro.local INFO c.u.f.RequestResponseLoggingFilter - - [ REQUEST ] 0:0:0:0:0:0:0:1:54681 POST /home/register Headers: { content-type:[application/json],user-agent:[PostmanRuntime/7.17.1],accept:[*/*],cache-control:[no-cache],postman-token:[6db16a07-4ea2-4a08-8060-35c59c92b4e5],host:[localhost:8080],accept-encoding:[gzip, deflate],content-length:[47],connection:[keep-alive], } Payload: {"name":"yyLuo1113","mobile":"15657581113"}
2019-12-27 16:49:18,812 [http-nio-8080-exec-3] luoyingyundeMacBook-Pro.local INFO c.m.service.UserService - - find mobile = 15657581113
2019-12-27 16:49:19,163 [http-nio-8080-exec-3] luoyingyundeMacBook-Pro.local INFO c.u.f.RequestResponseLoggingFilter - - [ RESPONSE ] 200 Headers: { Content-Type:[text/plain;charset=UTF-8],Content-Length:[54],Date:[Fri, 27 Dec 2019 08:49:19 GMT], } Payload: 当前手机号已被注册啦～注册人为yyLuo1113
2019-12-27 16:49:19,163 [http-nio-8080-exec-3] luoyingyundeMacBook-Pro.local INFO c.u.f.RequestResponseLoggingFilter - - [ REQUEST END ]
2019-12-27 16:49:34,825 [http-nio-8080-exec-4] luoyingyundeMacBook-Pro.local INFO c.u.f.RequestResponseLoggingFilter - - [ REQUEST START ]
2019-12-27 16:49:34,825 [http-nio-8080-exec-4] luoyingyundeMacBook-Pro.local INFO c.u.f.RequestResponseLoggingFilter - - [ REQUEST ] 0:0:0:0:0:0:0:1:54681 POST /home/register Headers: { content-type:[application/json],user-agent:[PostmanRuntime/7.17.1],accept:[*/*],cache-control:[no-cache],postman-token:[9e66a913-dd04-4ce9-aa07-ef15d3c709e3],host:[localhost:8080],accept-encoding:[gzip, deflate],content-length:[47],connection:[keep-alive], } Payload: {"name":"yyLuo1114","mobile":"15657581114"}
2019-12-27 16:49:34,827 [http-nio-8080-exec-4] luoyingyundeMacBook-Pro.local INFO c.m.service.UserService - - find mobile = 15657581114
2019-12-27 16:49:34,831 [http-nio-8080-exec-4] luoyingyundeMacBook-Pro.local ERROR c.m.service.UserService - - user is null
2019-12-27 16:49:34,907 [http-nio-8080-exec-4] luoyingyundeMacBook-Pro.local INFO c.u.f.RequestResponseLoggingFilter - - [ RESPONSE ] 200 Headers: { Content-Type:[text/plain;charset=UTF-8],Content-Length:[36],Date:[Fri, 27 Dec 2019 08:49:34 GMT], } Payload: 注册成功，欢迎您，yyLuo1114
2019-12-27 16:49:34,907 [http-nio-8080-exec-4] luoyingyundeMacBook-Pro.local INFO c.u.f.RequestResponseLoggingFilter - - [ REQUEST END ]
